06/07/23 6:01:03: main.scss - Undefined variable $color-orange-900: abstracts/_variables.scss on line 35, at column 1
Call Stack:
#0 import abstracts/_variables.scss main.scss on line 4
06/21/23 2:45:21: main.scss - parse error: failed at `&__hero: ;` /home/cogdigital/htdocs/cogdigital.local/wp-content/themes/divi-child/scss/containers/_contact.scss on line 2, at column 5
06/21/23 4:30:07: main.scss - parse error: failed at `@media ;` /home/cogdigital/htdocs/cogdigital.local/wp-content/themes/divi-child/scss/containers/_contact.scss on line 8, at column 9
06/21/23 4:30:10: main.scss - parse error: failed at `@media ;` /home/cogdigital/htdocs/cogdigital.local/wp-content/themes/divi-child/scss/containers/_contact.scss on line 8, at column 9
06/21/23 5:46:05: main.scss - ".contact__form input, .contact__form select, .contact__form textarea" failed to @extend "%input". The selector "%input" was not found.: containers/_single-post.scss on line 26, at column 13
06/21/23 5:47:06: main.scss - ".contact__form input, .contact__form select, .contact__form textarea" failed to @extend "%input". The selector "%input" was not found.: containers/_single-post.scss on line 26, at column 13
06/21/23 5:47:18: main.scss - ".contact__form input, .contact__form select, .contact__form textarea" failed to @extend "%input". The selector "%input" was not found.: containers/_single-post.scss on line 26, at column 13
06/21/23 5:49:07: main.scss - ".contact__form input, .contact__form select, .contact__form textarea" failed to @extend "%input". The selector "%input" was not found.: containers/_single-post.scss on line 26, at column 13
06/21/23 5:49:18: main.scss - ".contact__form input, .contact__form select, .contact__form textarea" failed to @extend "%input". The selector "%input" was not found.: containers/_single-post.scss on line 26, at column 13
06/21/23 5:50:43: main.scss - ".contact__form input, .contact__form select, .contact__form textarea" failed to @extend "%input". The selector "%input" was not found.: containers/_single-post.scss on line 26, at column 13
06/21/23 5:51:19: main.scss - ".contact__form input, .contact__form select, .contact__form textarea" failed to @extend "%input". The selector "%input" was not found.: containers/_single-post.scss on line 26, at column 13
06/21/23 5:51:44: main.scss - ".contact__form input, .contact__form select, .contact__form textarea" failed to @extend "%input". The selector "%input" was not found.: containers/_single-post.scss on line 26, at column 13
06/21/23 5:53:20: main.scss - ".contact__form input, .contact__form select, .contact__form textarea" failed to @extend "%input". The selector "%input" was not found.: containers/_single-post.scss on line 26, at column 13
06/21/23 5:53:45: main.scss - ".contact__form input, .contact__form select, .contact__form textarea" failed to @extend "%input". The selector "%input" was not found.: containers/_single-post.scss on line 26, at column 13
06/21/23 5:54:46: main.scss - ".contact__form input, .contact__form select, .contact__form textarea" failed to @extend "%input". The selector "%input" was not found.: containers/_single-post.scss on line 26, at column 13
06/21/23 5:55:21: main.scss - ".contact__form input, .contact__form select, .contact__form textarea" failed to @extend "%input". The selector "%input" was not found.: containers/_single-post.scss on line 26, at column 13
06/26/23 2:28:58: main.scss - parse error: failed at `background-image: ;` /home/cogdigital/htdocs/cogdigital.local/wp-content/themes/cog-digital/scss/containers/_contact.scss on line 53, at column 25
07/03/23 1:17:25: main.scss - parse error: failed at `&__images` /home/cogdesig/public_html/staging.cogdigital.com.au/wp-content/themes/cog-digital/scss/components/_gallery.scss on line 7, at column 5
07/04/23 12:57:33: main.scss - Undefined variable $bp-tablet-up: containers/_contact.scss on line 136, at column 3
Call Stack:
#0 import containers/_contact.scss containers/_news.scss on line 177
07/04/23 12:57:53: main.scss - Undefined variable $bp-tablet-up: containers/_contact.scss on line 136, at column 3
Call Stack:
#0 import containers/_contact.scss containers/_news.scss on line 177
07/04/23 12:58:06: main.scss - Undefined variable $bp-tablet-up: containers/_contact.scss on line 136, at column 3
Call Stack:
#0 import containers/_contact.scss containers/_news.scss on line 177
07/04/23 12:58:18: main.scss - Undefined variable $bp-tablet-up: containers/_contact.scss on line 136, at column 3
Call Stack:
#0 import containers/_contact.scss containers/_news.scss on line 177
07/04/23 12:58:20: main.scss - Undefined variable $bp-tablet-up: containers/_contact.scss on line 136, at column 3
Call Stack:
#0 import containers/_contact.scss containers/_news.scss on line 177
07/04/23 12:58:26: main.scss - Undefined variable $bp-tablet-up: containers/_contact.scss on line 136, at column 3
Call Stack:
#0 import containers/_contact.scss containers/_news.scss on line 177
07/12/23 1:26:00: main.scss - parse error: failed at `flex: 1 1 22 %;` /home/cogdesig/public_html/staging.cogdigital.com.au/wp-content/themes/cog-digital/scss/layout/_footer.scss on line 20, at column 9
07/12/23 1:26:59: main.scss - parse error: failed at `flex: 1 1 22 %;` /home/cogdesig/public_html/staging.cogdigital.com.au/wp-content/themes/cog-digital/scss/layout/_footer.scss on line 20, at column 9
07/12/23 1:27:01: main.scss - parse error: failed at `flex: 1 1 22 %;` /home/cogdesig/public_html/staging.cogdigital.com.au/wp-content/themes/cog-digital/scss/layout/_footer.scss on line 20, at column 9
07/12/23 1:27:05: main.scss - parse error: failed at `flex: 1 1 22 %;` /home/cogdesig/public_html/staging.cogdigital.com.au/wp-content/themes/cog-digital/scss/layout/_footer.scss on line 20, at column 9
07/12/23 1:27:38: main.scss - parse error: failed at `flex: 1 1 22 %;` /home/cogdesig/public_html/staging.cogdigital.com.au/wp-content/themes/cog-digital/scss/layout/_footer.scss on line 20, at column 9
07/12/23 1:27:38: main.scss - parse error: failed at `flex: 1 1 22 %;` /home/cogdesig/public_html/staging.cogdigital.com.au/wp-content/themes/cog-digital/scss/layout/_footer.scss on line 20, at column 9
07/12/23 1:28:40: main.scss - parse error: failed at `flex: 1 1 22 %;` /home/cogdesig/public_html/staging.cogdigital.com.au/wp-content/themes/cog-digital/scss/layout/_footer.scss on line 20, at column 9
07/12/23 1:28:55: main.scss - parse error: failed at `flex: 1 1 22 %;` /home/cogdesig/public_html/staging.cogdigital.com.au/wp-content/themes/cog-digital/scss/layout/_footer.scss on line 20, at column 9
07/12/23 1:28:56: main.scss - parse error: failed at `flex: 1 1 22 %;` /home/cogdesig/public_html/staging.cogdigital.com.au/wp-content/themes/cog-digital/scss/layout/_footer.scss on line 20, at column 9
07/12/23 1:47:51: main.scss - ".footer__items.social_links a" failed to @extend "%link-text". The selector "%link-text" was not found.: containers/_404.scss on line 48, at column 9
07/12/23 1:47:56: main.scss - ".footer__items.social_links a" failed to @extend "%link-text". The selector "%link-text" was not found.: containers/_404.scss on line 48, at column 9
07/12/23 1:48:09: main.scss - ".footer__items.social_links a" failed to @extend "%link-text". The selector "%link-text" was not found.: containers/_404.scss on line 48, at column 9
07/12/23 1:48:10: main.scss - ".footer__items.social_links a" failed to @extend "%link-text". The selector "%link-text" was not found.: containers/_404.scss on line 48, at column 9
07/12/23 1:48:22: main.scss - ".footer__items.social_links a" failed to @extend "%link-text". The selector "%link-text" was not found.: containers/_404.scss on line 48, at column 9
